<?xml version="1.0" encoding="UTF-8"?>
<!-- Generated by org.testng.reporters.JUnitXMLReporter -->
<testsuite ignored="0" hostname="LIN-G5PB1J3" failures="0" tests="4" name="Default test" time="10.856" errors="0" timestamp="2024-05-07T14:55:45 IST">
  <testcase classname="API_Test.JsonExternalData" name="testCreateUser" time="5.841"/>
  <testcase classname="API_Test.JsonExternalData" name="testGetUser" time="2.317"/>
  <testcase classname="API_Test.JsonExternalData" name="testUpdateUser" time="1.394"/>
  <testcase classname="API_Test.JsonExternalData" name="testDeleteUser" time="1.195"/>
</testsuite> <!-- Default test -->
