<?xml version="1.0" encoding="UTF-8"?>
<!-- Generated by org.testng.reporters.JUnitXMLReporter -->
<testsuite ignored="0" hostname="LIN-G5PB1J3" failures="0" tests="4" name="Default test" time="6.987" errors="0" timestamp="2024-05-07T18:25:23 IST">
  <testcase classname="API_Test.JsonExternalData" name="testCreateUser" time="3.281"/>
  <testcase classname="API_Test.JsonExternalData" name="testGetUser" time="1.238"/>
  <testcase classname="API_Test.JsonExternalData" name="testUpdateUser" time="1.109"/>
  <testcase classname="API_Test.JsonExternalData" name="testDeleteUser" time="1.291"/>
</testsuite> <!-- Default test -->
