<?xml version="1.0" encoding="UTF-8"?>
<testng-results ignored="0" total="4" passed="4" failed="0" skipped="0">
  <reporter-output>
  </reporter-output>
  <suite started-at="2024-05-07T14:55:34 IST" name="Default suite" finished-at="2024-05-07T14:55:45 IST" duration-ms="10856">
    <groups>
    </groups>
    <test started-at="2024-05-07T14:55:34 IST" name="Default test" finished-at="2024-05-07T14:55:45 IST" duration-ms="10856">
      <class name="API_Test.JsonExternalData">
        <test-method is-config="true" signature="setUpData()[pri:0, instance:API_Test.JsonExternalData@35dab4eb]" started-at="2024-05-07T14:55:34 IST" name="setUpData" finished-at="2024-05-07T14:55:34 IST" duration-ms="22" status="PASS">
          <reporter-output>
          </reporter-output>
        </test-method> <!-- setUpData -->
        <test-method signature="testCreateUser()[pri:0, instance:API_Test.JsonExternalData@35dab4eb]" started-at="2024-05-07T14:55:34 IST" name="testCreateUser" finished-at="2024-05-07T14:55:40 IST" duration-ms="5841" status="PASS">
          <reporter-output>
          </reporter-output>
        </test-method> <!-- testCreateUser -->
        <test-method signature="testGetUser()[pri:2, instance:API_Test.JsonExternalData@35dab4eb]" started-at="2024-05-07T14:55:40 IST" name="testGetUser" finished-at="2024-05-07T14:55:43 IST" depends-on-methods="API_Test.JsonExternalData.testCreateUser" duration-ms="2317" status="PASS">
          <reporter-output>
          </reporter-output>
        </test-method> <!-- testGetUser -->
        <test-method signature="testUpdateUser()[pri:3, instance:API_Test.JsonExternalData@35dab4eb]" started-at="2024-05-07T14:55:43 IST" name="testUpdateUser" finished-at="2024-05-07T14:55:44 IST" duration-ms="1394" status="PASS">
          <reporter-output>
          </reporter-output>
        </test-method> <!-- testUpdateUser -->
        <test-method signature="testDeleteUser()[pri:4, instance:API_Test.JsonExternalData@35dab4eb]" started-at="2024-05-07T14:55:44 IST" name="testDeleteUser" finished-at="2024-05-07T14:55:45 IST" depends-on-methods="API_Test.JsonExternalData.testUpdateUser" duration-ms="1195" status="PASS">
          <reporter-output>
          </reporter-output>
        </test-method> <!-- testDeleteUser -->
      </class> <!-- API_Test.JsonExternalData -->
    </test> <!-- Default test -->
  </suite> <!-- Default suite -->
</testng-results>
