<?xml version="1.0" encoding="UTF-8"?>
<testng-results ignored="0" total="4" passed="4" failed="0" skipped="0">
  <reporter-output>
  </reporter-output>
  <suite started-at="2024-05-07T18:25:16 IST" name="Default suite" finished-at="2024-05-07T18:25:23 IST" duration-ms="6987">
    <groups>
    </groups>
    <test started-at="2024-05-07T18:25:16 IST" name="Default test" finished-at="2024-05-07T18:25:23 IST" duration-ms="6987">
      <class name="API_Test.JsonExternalData">
        <test-method is-config="true" signature="setUpData()[pri:0, instance:API_Test.JsonExternalData@35dab4eb]" started-at="2024-05-07T18:25:16 IST" name="setUpData" finished-at="2024-05-07T18:25:16 IST" duration-ms="18" status="PASS">
          <reporter-output>
          </reporter-output>
        </test-method> <!-- setUpData -->
        <test-method signature="testCreateUser()[pri:0, instance:API_Test.JsonExternalData@35dab4eb]" started-at="2024-05-07T18:25:16 IST" name="testCreateUser" finished-at="2024-05-07T18:25:19 IST" duration-ms="3281" status="PASS">
          <reporter-output>
          </reporter-output>
        </test-method> <!-- testCreateUser -->
        <test-method signature="testGetUser()[pri:2, instance:API_Test.JsonExternalData@35dab4eb]" started-at="2024-05-07T18:25:19 IST" name="testGetUser" finished-at="2024-05-07T18:25:21 IST" depends-on-methods="API_Test.JsonExternalData.testCreateUser" duration-ms="1238" status="PASS">
          <reporter-output>
          </reporter-output>
        </test-method> <!-- testGetUser -->
        <test-method signature="testUpdateUser()[pri:3, instance:API_Test.JsonExternalData@35dab4eb]" started-at="2024-05-07T18:25:21 IST" name="testUpdateUser" finished-at="2024-05-07T18:25:22 IST" duration-ms="1109" status="PASS">
          <reporter-output>
          </reporter-output>
        </test-method> <!-- testUpdateUser -->
        <test-method signature="testDeleteUser()[pri:4, instance:API_Test.JsonExternalData@35dab4eb]" started-at="2024-05-07T18:25:22 IST" name="testDeleteUser" finished-at="2024-05-07T18:25:23 IST" depends-on-methods="API_Test.JsonExternalData.testUpdateUser" duration-ms="1291" status="PASS">
          <reporter-output>
          </reporter-output>
        </test-method> <!-- testDeleteUser -->
      </class> <!-- API_Test.JsonExternalData -->
    </test> <!-- Default test -->
  </suite> <!-- Default suite -->
</testng-results>
